<?xml version="1.0" encoding="UTF-8"?>
<!-- Generated by org.testng.reporters.JUnitXMLReporter -->
<testsuite ignored="0" hostname="DESKTOP-HIM16RN" failures="1" tests="1" name="Test" time="0.05" errors="0" timestamp="2023-08-15T21:41:16 IST">
  <testcase classname="orange.hrm.annotations" name="loginCred" time="0.012">
    <failure type="org.testng.internal.reflect.MethodMatcherException" message="
[public void orange.hrm.annotations.loginCred(java.lang.String,java.lang.String)] has no parameters defined but was found to be using a data provider (either explicitly specified or inherited from class level annotation).
Data provider mismatch
Method: loginCred([java.lang.String arg0, java.lang.String arg1])
Arguments: [(java.lang.String) Admin]">
      <![CDATA[org.testng.internal.reflect.MethodMatcherException: 
[public void orange.hrm.annotations.loginCred(java.lang.String,java.lang.String)] has no parameters defined but was found to be using a data provider (either explicitly specified or inherited from class level annotation).
Data provider mismatch
Method: loginCred([java.lang.String arg0, java.lang.String arg1])
Arguments: [(java.lang.String) Admin]
at java.base/java.util.ArrayList.forEach(ArrayList.java:1511)
... Removed 22 stack frames]]>
    </failure>
  </testcase> <!-- loginCred -->
</testsuite> <!-- Test -->
